<?xml version="1.0" encoding="UTF-8"?>
<!-- Generated by org.testng.reporters.JUnitReportReporter -->
<testsuite hostname="SIDDIQUE" failures="0" tests="3" name="Test_TestNG.Method_testNg" time="16.326" errors="0" timestamp="2025-05-13T00:16:51 IST" skipped="0">
  <testcase classname="Test_TestNG.Method_testNg" name="test02" time="4.600"/>
  <testcase classname="Test_TestNG.Method_testNg" name="test" time="10.028"/>
  <testcase classname="Test_TestNG.Method_testNg" name="test03" time="1.698"/>
</testsuite> <!-- Test_TestNG.Method_testNg -->
