<?xml version="1.0" encoding="UTF-8"?>
<!-- Generated by org.testng.reporters.JUnitReportReporter -->
<testsuite hostname="SIDDIQUE" failures="0" tests="1" name="PracTestNg" time="0.016" errors="0" timestamp="2025-05-12T00:25:39 IST" skipped="0">
  <testcase classname="PracTestNg" name="test01" time="0.016"/>
</testsuite> <!-- PracTestNg -->
